<?xml version="1.0" encoding="UTF-8"?>
<!-- Generated by org.testng.reporters.JUnitReportReporter -->
<testsuite skipped="0" hostname="DESKTOP-1QIO4VG" name="testCases.AddCartTC" tests="1" failures="0" timestamp="2020-09-12T22:54:57 IST" time="19.495" errors="0">
  <testcase name="addToCart" time="19.495" classname="testCases.AddCartTC"/>
  <system-out/>
</testsuite> <!-- testCases.AddCartTC -->
