<?xml version="1.0" encoding="UTF-8"?>
<!-- Generated by org.testng.reporters.JUnitReportReporter -->
<testsuite skipped="0" hostname="DESKTOP-1QIO4VG" name="testCases.AddCart" tests="1" failures="0" timestamp="2020-09-12T21:09:17 IST" time="19.373" errors="0">
  <testcase name="addToCart" time="19.373" classname="testCases.AddCart"/>
  <system-out/>
</testsuite> <!-- testCases.AddCart -->
