<?xml version="1.0" encoding="UTF-8"?>
<!-- Generated by org.testng.reporters.JUnitReportReporter -->
<testsuite skipped="0" hostname="DESKTOP-1QIO4VG" name="testCases.AddCartTC" tests="1" failures="0" timestamp="2020-09-13T14:32:32 IST" time="16.905" errors="0">
  <testcase name="addToCart" time="16.905" classname="testCases.AddCartTC"/>
  <system-out/>
</testsuite> <!-- testCases.AddCartTC -->
